Log file opened on Mon Sep 25 22:49:24 2023
Host: itd2338-B460MD3H  pid: 22977  rank ID: 0  number of ranks:  1
                      :-) GROMACS - gmx mdrun, 2018.1 (-:

                            GROMACS is written by:
     Emile Apol      Rossen Apostolov      Paul Bauer     Herman J.C. Berendsen
    Par Bjelkmar    Aldert van Buuren   Rudi van Drunen     Anton Feenstra  
  Gerrit Groenhof    Aleksei Iupinov   Christoph Junghans   Anca Hamuraru   
 Vincent Hindriksen Dimitrios Karkoulis    Peter Kasson        Jiri Kraus    
  Carsten Kutzner      Per Larsson      Justin A. Lemkul    Viveca Lindahl  
  Magnus Lundborg   Pieter Meulenhoff    Erik Marklund      Teemu Murtola   
    Szilard Pall       Sander Pronk      Roland Schulz     Alexey Shvetsov  
   Michael Shirts     Alfons Sijbers     Peter Tieleman    Teemu Virolainen 
 Christian Wennberg    Maarten Wolf   
                           and the project leaders:
        Mark Abraham, Berk Hess, Erik Lindahl, and David van der Spoel

Copyright (c) 1991-2000, University of Groningen, The Netherlands.
Copyright (c) 2001-2017, The GROMACS development team at
Uppsala University, Stockholm University and
the Royal Institute of Technology, Sweden.
check out http://www.gromacs.org for more information.

GROMACS is free software; you can redistribute it and/or modify it
under the terms of the GNU Lesser General Public License
as published by the Free Software Foundation; either version 2.1
of the License, or (at your option) any later version.

GROMACS:      gmx mdrun, version 2018.1
Executable:   /usr/bin/gmx
Data prefix:  /usr
Working dir:  /data/kush/kush_PHD/nanocar/AU100_surface/anth_H_100
Command line:
  gmx mdrun -v -deffnm npt

GROMACS version:    2018.1
Precision:          single
Memory model:       64 bit
MPI library:        thread_mpi
OpenMP support:     enabled (GMX_OPENMP_MAX_THREADS = 64)
GPU support:        disabled
SIMD instructions:  SSE2
FFT library:        fftw-3.3.7-sse2-avx
RDTSCP usage:       disabled
TNG support:        enabled
Hwloc support:      hwloc-1.11.6
Tracing support:    disabled
Built on:           2018-03-31 17:12:46
Built by:           buildd@debian [CMAKE]
Build OS/arch:      Linux x86_64
Build CPU vendor:   Intel
Build CPU brand:    Westmere E56xx/L56xx/X56xx (Nehalem-C)
Build CPU family:   6   Model: 44   Stepping: 1
Build CPU features: aes apic clfsh cmov cx8 cx16 intel lahf mmx msr pcid pclmuldq pdpe1gb popcnt pse rdtscp sse2 sse3 sse4.1 sse4.2 ssse3 x2apic
C compiler:         /usr/bin/cc GNU 7.3.0
C compiler flags:    -msse2   -g -O2 -fdebug-prefix-map=/build/gromacs-Fqu8ou/gromacs-2018.1=. -fstack-protector-strong -Wformat -Werror=format-security -Wdate-time -D_FORTIFY_SOURCE=2  -O3 -DNDEBUG -funroll-all-loops -fexcess-precision=fast  
C++ compiler:       /usr/bin/c++ GNU 7.3.0
C++ compiler flags:  -msse2   -g -O2 -fdebug-prefix-map=/build/gromacs-Fqu8ou/gromacs-2018.1=. -fstack-protector-strong -Wformat -Werror=format-security -Wdate-time -D_FORTIFY_SOURCE=2 -std=c++11   -O3 -DNDEBUG -funroll-all-loops -fexcess-precision=fast  


Running on 1 node with total 8 cores, 16 logical cores
Hardware detected:
  CPU info:
    Vendor: Intel
    Brand:  Intel(R) Core(TM) i7-10700K CPU @ 3.80GHz
    Family: 6   Model: 165   Stepping: 5
    Features: aes apic avx avx2 clfsh cmov cx8 cx16 f16c fma htt intel lahf mmx msr nonstop_tsc pcid pclmuldq pdcm pdpe1gb popcnt pse rdrnd rdtscp sse2 sse3 sse4.1 sse4.2 ssse3 tdt x2apic
  Hardware topology: Full, with devices
    Sockets, cores, and logical processors:
      Socket  0: [   0   8] [   1   9] [   2  10] [   3  11] [   4  12] [   5  13] [   6  14] [   7  15]
    Numa nodes:
      Node  0 (67377692672 bytes mem):   0   1   2   3   4   5   6   7   8   9  10  11  12  13  14  15
      Latency:
               0
         0  1.00
    Caches:
      L1: 32768 bytes, linesize 64 bytes, assoc. 8, shared 2 ways
      L2: 262144 bytes, linesize 64 bytes, assoc. 4, shared 2 ways
      L3: 16777216 bytes, linesize 64 bytes, assoc. 16, shared 16 ways
    PCI devices:
      0000:01:00.0  Id: 10de:128b  Class: 0x0300  Numa: 0
      0000:00:17.0  Id: 8086:a382  Class: 0x0106  Numa: 0
      0000:00:1f.6  Id: 8086:0d55  Class: 0x0200  Numa: 0

Highest SIMD level requested by all nodes in run: AVX2_256
SIMD instructions selected at compile time:       SSE2
This program was compiled for different hardware than you are running on,
which could influence performance.
The current CPU can measure timings more accurately than the code in
gmx mdrun was configured to use. This might affect your simulation
speed as accurate timings are needed for load-balancing.
Please consider rebuilding gmx mdrun with the GMX_USE_RDTSCP=ON CMake option.

++++ PLEASE READ AND CITE THE FOLLOWING REFERENCE ++++
M. J. Abraham, T. Murtola, R. Schulz, S. Páll, J. C. Smith, B. Hess, E.
Lindahl
GROMACS: High performance molecular simulations through multi-level
parallelism from laptops to supercomputers
SoftwareX 1 (2015) pp. 19-25
-------- -------- --- Thank You --- -------- --------


++++ PLEASE READ AND CITE THE FOLLOWING REFERENCE ++++
S. Páll, M. J. Abraham, C. Kutzner, B. Hess, E. Lindahl
Tackling Exascale Software Challenges in Molecular Dynamics Simulations with
GROMACS
In S. Markidis & E. Laure (Eds.), Solving Software Challenges for Exascale 8759 (2015) pp. 3-27
-------- -------- --- Thank You --- -------- --------


++++ PLEASE READ AND CITE THE FOLLOWING REFERENCE ++++
S. Pronk, S. Páll, R. Schulz, P. Larsson, P. Bjelkmar, R. Apostolov, M. R.
Shirts, J. C. Smith, P. M. Kasson, D. van der Spoel, B. Hess, and E. Lindahl
GROMACS 4.5: a high-throughput and highly parallel open source molecular
simulation toolkit
Bioinformatics 29 (2013) pp. 845-54
-------- -------- --- Thank You --- -------- --------


++++ PLEASE READ AND CITE THE FOLLOWING REFERENCE ++++
B. Hess and C. Kutzner and D. van der Spoel and E. Lindahl
GROMACS 4: Algorithms for highly efficient, load-balanced, and scalable
molecular simulation
J. Chem. Theory Comput. 4 (2008) pp. 435-447
-------- -------- --- Thank You --- -------- --------


++++ PLEASE READ AND CITE THE FOLLOWING REFERENCE ++++
D. van der Spoel, E. Lindahl, B. Hess, G. Groenhof, A. E. Mark and H. J. C.
Berendsen
GROMACS: Fast, Flexible and Free
J. Comp. Chem. 26 (2005) pp. 1701-1719
-------- -------- --- Thank You --- -------- --------


++++ PLEASE READ AND CITE THE FOLLOWING REFERENCE ++++
E. Lindahl and B. Hess and D. van der Spoel
GROMACS 3.0: A package for molecular simulation and trajectory analysis
J. Mol. Mod. 7 (2001) pp. 306-317
-------- -------- --- Thank You --- -------- --------


++++ PLEASE READ AND CITE THE FOLLOWING REFERENCE ++++
H. J. C. Berendsen, D. van der Spoel and R. van Drunen
GROMACS: A message-passing parallel molecular dynamics implementation
Comp. Phys. Comm. 91 (1995) pp. 43-56
-------- -------- --- Thank You --- -------- --------

Input Parameters:
   integrator                     = md
   tinit                          = 0
   dt                             = 0.002
   nsteps                         = 50000
   init-step                      = 0
   simulation-part                = 1
   comm-mode                      = Linear
   nstcomm                        = 100
   bd-fric                        = 0
   ld-seed                        = 1842989010
   emtol                          = 10
   emstep                         = 0.01
   niter                          = 20
   fcstep                         = 0
   nstcgsteep                     = 1000
   nbfgscorr                      = 10
   rtpi                           = 0.05
   nstxout                        = 500
   nstvout                        = 500
   nstfout                        = 0
   nstlog                         = 500
   nstcalcenergy                  = 100
   nstenergy                      = 500
   nstxout-compressed             = 0
   compressed-x-precision         = 1000
   cutoff-scheme                  = Verlet
   nstlist                        = 10
   ns-type                        = Grid
   pbc                            = xyz
   periodic-molecules             = false
   verlet-buffer-tolerance        = 0.005
   rlist                          = 1
   coulombtype                    = PME
   coulomb-modifier               = Potential-shift
   rcoulomb-switch                = 0
   rcoulomb                       = 1
   epsilon-r                      = 1
   epsilon-rf                     = inf
   vdw-type                       = Cut-off
   vdw-modifier                   = Potential-shift
   rvdw-switch                    = 0
   rvdw                           = 1
   DispCorr                       = EnerPres
   table-extension                = 1
   fourierspacing                 = 0.16
   fourier-nx                     = 28
   fourier-ny                     = 28
   fourier-nz                     = 44
   pme-order                      = 4
   ewald-rtol                     = 1e-05
   ewald-rtol-lj                  = 0.001
   lj-pme-comb-rule               = Geometric
   ewald-geometry                 = 0
   epsilon-surface                = 0
   implicit-solvent               = No
   gb-algorithm                   = Still
   nstgbradii                     = 1
   rgbradii                       = 1
   gb-epsilon-solvent             = 80
   gb-saltconc                    = 0
   gb-obc-alpha                   = 1
   gb-obc-beta                    = 0.8
   gb-obc-gamma                   = 4.85
   gb-dielectric-offset           = 0.009
   sa-algorithm                   = Ace-approximation
   sa-surface-tension             = 2.05016
   tcoupl                         = No
   nsttcouple                     = -1
   nh-chain-length                = 0
   print-nose-hoover-chain-variables = false
   pcoupl                         = Parrinello-Rahman
   pcoupltype                     = Isotropic
   nstpcouple                     = 10
   tau-p                          = 2
   compressibility (3x3):
      compressibility[    0]={ 4.50000e-05,  0.00000e+00,  0.00000e+00}
      compressibility[    1]={ 0.00000e+00,  4.50000e-05,  0.00000e+00}
      compressibility[    2]={ 0.00000e+00,  0.00000e+00,  4.50000e-05}
   ref-p (3x3):
      ref-p[    0]={ 1.00000e+00,  0.00000e+00,  0.00000e+00}
      ref-p[    1]={ 0.00000e+00,  1.00000e+00,  0.00000e+00}
      ref-p[    2]={ 0.00000e+00,  0.00000e+00,  1.00000e+00}
   refcoord-scaling               = COM
   posres-com (3):
      posres-com[0]= 0.00000e+00
      posres-com[1]= 0.00000e+00
      posres-com[2]= 0.00000e+00
   posres-comB (3):
      posres-comB[0]= 0.00000e+00
      posres-comB[1]= 0.00000e+00
      posres-comB[2]= 0.00000e+00
   QMMM                           = false
   QMconstraints                  = 0
   QMMMscheme                     = 0
   MMChargeScaleFactor            = 1
qm-opts:
   ngQM                           = 0
   constraint-algorithm           = Lincs
   continuation                   = true
   Shake-SOR                      = false
   shake-tol                      = 0.0001
   lincs-order                    = 4
   lincs-iter                     = 1
   lincs-warnangle                = 30
   nwall                          = 0
   wall-type                      = 9-3
   wall-r-linpot                  = -1
   wall-atomtype[0]               = -1
   wall-atomtype[1]               = -1
   wall-density[0]                = 0
   wall-density[1]                = 0
   wall-ewald-zfac                = 3
   pull                           = false
   awh                            = false
   rotation                       = false
   interactiveMD                  = false
   disre                          = No
   disre-weighting                = Conservative
   disre-mixed                    = false
   dr-fc                          = 1000
   dr-tau                         = 0
   nstdisreout                    = 100
   orire-fc                       = 0
   orire-tau                      = 0
   nstorireout                    = 100
   free-energy                    = no
   cos-acceleration               = 0
   deform (3x3):
      deform[    0]={ 0.00000e+00,  0.00000e+00,  0.00000e+00}
      deform[    1]={ 0.00000e+00,  0.00000e+00,  0.00000e+00}
      deform[    2]={ 0.00000e+00,  0.00000e+00,  0.00000e+00}
   simulated-tempering            = false
   swapcoords                     = no
   userint1                       = 0
   userint2                       = 0
   userint3                       = 0
   userint4                       = 0
   userreal1                      = 0
   userreal2                      = 0
   userreal3                      = 0
   userreal4                      = 0
   applied-forces:
     electric-field:
       x:
         E0                       = 0
         omega                    = 0
         t0                       = 0
         sigma                    = 0
       y:
         E0                       = 0
         omega                    = 0
         t0                       = 0
         sigma                    = 0
       z:
         E0                       = 0
         omega                    = 0
         t0                       = 0
         sigma                    = 0
grpopts:
   nrdf:     16719.7     4965.31
   ref-t:           0           0
   tau-t:           0           0
annealing:          No          No
annealing-npoints:           0           0
   acc:	           0           0           0
   nfreeze:           N           N           N
   energygrp-flags[  0]: 0

Can not increase nstlist because an NVE ensemble is used

Using 1 MPI thread
Using 16 OpenMP threads 

Pinning threads with an auto-selected logical core stride of 1
System total charge: -0.000
Will do PME sum in reciprocal space for electrostatic interactions.

++++ PLEASE READ AND CITE THE FOLLOWING REFERENCE ++++
U. Essmann, L. Perera, M. L. Berkowitz, T. Darden, H. Lee and L. G. Pedersen 
A smooth particle mesh Ewald method
J. Chem. Phys. 103 (1995) pp. 8577-8592
-------- -------- --- Thank You --- -------- --------

Using a Gaussian width (1/beta) of 0.320163 nm for Ewald
Potential shift: LJ r^-12: -1.000e+00 r^-6: -1.000e+00, Ewald -1.000e-05
Initialized non-bonded Ewald correction tables, spacing: 9.33e-04 size: 1073

Long Range LJ corr.: <C6> 1.7457e-03
Generated table with 1000 data points for Ewald.
Tabscale = 500 points/nm
Generated table with 1000 data points for LJ6.
Tabscale = 500 points/nm
Generated table with 1000 data points for LJ12.
Tabscale = 500 points/nm
Generated table with 1000 data points for 1-4 COUL.
Tabscale = 500 points/nm
Generated table with 1000 data points for 1-4 LJ6.
Tabscale = 500 points/nm
Generated table with 1000 data points for 1-4 LJ12.
Tabscale = 500 points/nm

Using SIMD 4x4 nonbonded short-range kernels

Using a 4x4 pair-list setup:
  updated every 10 steps, buffer 0.000 nm, rlist 1.000 nm

Using geometric Lennard-Jones combination rule


Initializing LINear Constraint Solver

++++ PLEASE READ AND CITE THE FOLLOWING REFERENCE ++++
B. Hess and H. Bekker and H. J. C. Berendsen and J. G. E. M. Fraaije
LINCS: A Linear Constraint Solver for molecular simulations
J. Comp. Chem. 18 (1997) pp. 1463-1472
-------- -------- --- Thank You --- -------- --------

The number of constraints is 26

++++ PLEASE READ AND CITE THE FOLLOWING REFERENCE ++++
S. Miyamoto and P. A. Kollman
SETTLE: An Analytical Version of the SHAKE and RATTLE Algorithms for Rigid
Water Models
J. Comp. Chem. 13 (1992) pp. 952-962
-------- -------- --- Thank You --- -------- --------


Intra-simulation communication will occur every 10 steps.
Center of mass motion removal mode is Linear
We have the following groups for center of mass motion removal:
  0:  rest
There are: 10025 Atoms

Started mdrun on rank 0 Mon Sep 25 22:49:24 2023
           Step           Time
              0        0.00000

   Energies (kJ/mol)
        G96Bond       G96Angle    Proper Dih.  Improper Dih.          LJ-14
    7.67122e+01    1.08844e+02    9.22815e+01    4.97041e+01    5.40816e+00
     Coulomb-14        LJ (SR)  Disper. corr.   Coulomb (SR)   Coul. recip.
   -3.44085e+00   -2.44702e+05   -6.47648e+03   -1.35484e+05    7.01733e+02
      Potential    Kinetic En.   Total Energy  Conserved En.    Temperature
   -3.85632e+05    2.71741e+04   -3.58458e+05   -3.58451e+05    3.01434e+02
 Pres. DC (bar) Pressure (bar)   Constr. rmsd
   -9.50305e+02    3.64556e+03    8.07248e-07

           Step           Time
            500        1.00000

   Energies (kJ/mol)
        G96Bond       G96Angle    Proper Dih.  Improper Dih.          LJ-14
    6.61884e+01    1.04252e+02    7.98380e+01    6.38256e+01    1.84536e+01
     Coulomb-14        LJ (SR)  Disper. corr.   Coulomb (SR)   Coul. recip.
   -3.71409e-01   -2.45057e+05   -6.22200e+03   -1.35022e+05    8.13120e+02
      Potential    Kinetic En.   Total Energy  Conserved En.    Temperature
   -3.85155e+05    2.68310e+04   -3.58324e+05   -3.58095e+05    2.97627e+02
 Pres. DC (bar) Pressure (bar)   Constr. rmsd
   -8.77187e+02    1.33343e+03    6.67322e-07

           Step           Time
           1000        2.00000

   Energies (kJ/mol)
        G96Bond       G96Angle    Proper Dih.  Improper Dih.          LJ-14
    7.63888e+01    1.42397e+02    6.74017e+01    6.07592e+01    4.23145e+00
     Coulomb-14        LJ (SR)  Disper. corr.   Coulomb (SR)   Coul. recip.
   -1.94924e+00   -2.46092e+05   -6.24912e+03   -1.33673e+05    7.64215e+02
      Potential    Kinetic En.   Total Energy  Conserved En.    Temperature
   -3.84901e+05    2.67794e+04   -3.58121e+05   -3.58110e+05    2.97056e+02
 Pres. DC (bar) Pressure (bar)   Constr. rmsd
   -8.84839e+02   -2.39681e+03    5.05627e-07

           Step           Time
           1500        3.00000

   Energies (kJ/mol)
        G96Bond       G96Angle    Proper Dih.  Improper Dih.          LJ-14
    9.89533e+01    9.24407e+01    8.97146e+01    5.94467e+01    7.15819e+00
     Coulomb-14        LJ (SR)  Disper. corr.   Coulomb (SR)   Coul. recip.
   -4.15745e+00   -2.45712e+05   -6.26281e+03   -1.34016e+05    7.79056e+02
      Potential    Kinetic En.   Total Energy  Conserved En.    Temperature
   -3.84868e+05    2.67401e+04   -3.58128e+05   -3.58120e+05    2.96619e+02
 Pres. DC (bar) Pressure (bar)   Constr. rmsd
   -8.88716e+02   -2.37164e+03    5.41134e-07

           Step           Time
           2000        4.00000

   Energies (kJ/mol)
        G96Bond       G96Angle    Proper Dih.  Improper Dih.          LJ-14
    1.07032e+02    1.28419e+02    7.66187e+01    6.43419e+01   -2.03462e+00
     Coulomb-14        LJ (SR)  Disper. corr.   Coulomb (SR)   Coul. recip.
   -3.79648e+00   -2.45753e+05   -6.24325e+03   -1.33340e+05    8.01345e+02
      Potential    Kinetic En.   Total Energy  Conserved En.    Temperature
   -3.84165e+05    2.60334e+04   -3.58131e+05   -3.58104e+05    2.88780e+02
 Pres. DC (bar) Pressure (bar)   Constr. rmsd
   -8.83181e+02    8.32935e+00    5.51142e-07

           Step           Time
           2500        5.00000

   Energies (kJ/mol)
        G96Bond       G96Angle    Proper Dih.  Improper Dih.          LJ-14
    7.80816e+01    1.27101e+02    8.40430e+01    4.73118e+01    7.92744e+00
     Coulomb-14        LJ (SR)  Disper. corr.   Coulomb (SR)   Coul. recip.
   -3.29323e+00   -2.45496e+05   -6.30156e+03   -1.34229e+05    8.10776e+02
      Potential    Kinetic En.   Total Energy  Conserved En.    Temperature
   -3.84874e+05    2.67363e+04   -3.58138e+05   -3.58128e+05    2.96578e+02
 Pres. DC (bar) Pressure (bar)   Constr. rmsd
   -8.99732e+02    3.22774e+02    7.94021e-07

           Step           Time
           3000        6.00000

   Energies (kJ/mol)
        G96Bond       G96Angle    Proper Dih.  Improper Dih.          LJ-14
    9.66517e+01    1.12312e+02    9.00469e+01    5.39880e+01    3.88824e+00
     Coulomb-14        LJ (SR)  Disper. corr.   Coulomb (SR)   Coul. recip.
   -1.31315e+00   -2.45215e+05   -6.27779e+03   -1.34953e+05    7.98202e+02
      Potential    Kinetic En.   Total Energy  Conserved En.    Temperature
   -3.85291e+05    2.71561e+04   -3.58135e+05   -3.58112e+05    3.01233e+02
 Pres. DC (bar) Pressure (bar)   Constr. rmsd
   -8.92966e+02   -4.85605e+01    5.98905e-07

           Step           Time
           3500        7.00000

   Energies (kJ/mol)
        G96Bond       G96Angle    Proper Dih.  Improper Dih.          LJ-14
    1.12346e+02    1.40800e+02    9.80651e+01    6.24985e+01   -2.79910e+00
     Coulomb-14        LJ (SR)  Disper. corr.   Coulomb (SR)   Coul. recip.
   -5.31617e+00   -2.45460e+05   -6.25311e+03   -1.34637e+05    8.29455e+02
      Potential    Kinetic En.   Total Energy  Conserved En.    Temperature
   -3.85115e+05    2.69972e+04   -3.58118e+05   -3.58109e+05    2.99471e+02
 Pres. DC (bar) Pressure (bar)   Constr. rmsd
   -8.85970e+02   -8.66348e+02    7.17830e-07

           Step           Time
           4000        8.00000

   Energies (kJ/mol)
        G96Bond       G96Angle    Proper Dih.  Improper Dih.          LJ-14
    8.41854e+01    1.05062e+02    1.06624e+02    5.66793e+01    3.66081e+00
     Coulomb-14        LJ (SR)  Disper. corr.   Coulomb (SR)   Coul. recip.
   -1.70953e+00   -2.44837e+05   -6.27990e+03   -1.34909e+05    7.37034e+02
      Potential    Kinetic En.   Total Energy  Conserved En.    Temperature
   -3.84934e+05    2.68082e+04   -3.58125e+05   -3.58114e+05    2.97375e+02
 Pres. DC (bar) Pressure (bar)   Constr. rmsd
   -8.93565e+02   -6.00622e+02    5.84822e-07

           Step           Time
           4500        9.00000

   Energies (kJ/mol)
        G96Bond       G96Angle    Proper Dih.  Improper Dih.          LJ-14
    7.03745e+01    1.63045e+02    7.40472e+01    5.13833e+01    1.05758e+01
     Coulomb-14        LJ (SR)  Disper. corr.   Coulomb (SR)   Coul. recip.
   -3.08478e+00   -2.45843e+05   -6.26278e+03   -1.34079e+05    7.63258e+02
      Potential    Kinetic En.   Total Energy  Conserved En.    Temperature
   -3.85056e+05    2.69333e+04   -3.58122e+05   -3.58115e+05    2.98762e+02
 Pres. DC (bar) Pressure (bar)   Constr. rmsd
   -8.88708e+02   -3.54465e+02    7.71148e-07

           Step           Time
           5000       10.00000

   Energies (kJ/mol)
        G96Bond       G96Angle    Proper Dih.  Improper Dih.          LJ-14
    6.83249e+01    1.35379e+02    7.90298e+01    4.84574e+01    8.76184e+00
     Coulomb-14        LJ (SR)  Disper. corr.   Coulomb (SR)   Coul. recip.
   -3.33972e+00   -2.45034e+05   -6.26817e+03   -1.34738e+05    7.54630e+02
      Potential    Kinetic En.   Total Energy  Conserved En.    Temperature
   -3.84949e+05    2.68261e+04   -3.58123e+05   -3.58115e+05    2.97574e+02
 Pres. DC (bar) Pressure (bar)   Constr. rmsd
   -8.90235e+02   -5.42200e+00    5.95014e-07

           Step           Time
           5500       11.00000

   Energies (kJ/mol)
        G96Bond       G96Angle    Proper Dih.  Improper Dih.          LJ-14
    9.61249e+01    1.19245e+02    8.89163e+01    5.75874e+01    8.30066e+00
     Coulomb-14        LJ (SR)  Disper. corr.   Coulomb (SR)   Coul. recip.
   -1.57860e+00   -2.45763e+05   -6.28751e+03   -1.34107e+05    7.57297e+02
      Potential    Kinetic En.   Total Energy  Conserved En.    Temperature
   -3.85032e+05    2.69018e+04   -3.58130e+05   -3.58123e+05    2.98413e+02
 Pres. DC (bar) Pressure (bar)   Constr. rmsd
   -8.95729e+02   -3.19369e+02    6.88983e-07

           Step           Time
           6000       12.00000

   Energies (kJ/mol)
        G96Bond       G96Angle    Proper Dih.  Improper Dih.          LJ-14
    9.80826e+01    1.15853e+02    9.39375e+01    4.73148e+01   -3.19790e+00
     Coulomb-14        LJ (SR)  Disper. corr.   Coulomb (SR)   Coul. recip.
   -2.40022e+00   -2.45129e+05   -6.26159e+03   -1.34704e+05    7.22487e+02
      Potential    Kinetic En.   Total Energy  Conserved En.    Temperature
   -3.85023e+05    2.69035e+04   -3.58119e+05   -3.58112e+05    2.98432e+02
 Pres. DC (bar) Pressure (bar)   Constr. rmsd
   -8.88371e+02   -4.37612e+02    8.40258e-07

           Step           Time
           6500       13.00000

   Energies (kJ/mol)
        G96Bond       G96Angle    Proper Dih.  Improper Dih.          LJ-14
    9.03776e+01    1.09572e+02    9.41739e+01    6.86481e+01    3.82159e+00
     Coulomb-14        LJ (SR)  Disper. corr.   Coulomb (SR)   Coul. recip.
   -6.24202e+00   -2.45156e+05   -6.26448e+03   -1.34585e+05    7.76926e+02
      Potential    Kinetic En.   Total Energy  Conserved En.    Temperature
   -3.84868e+05    2.67451e+04   -3.58123e+05   -3.58115e+05    2.96675e+02
 Pres. DC (bar) Pressure (bar)   Constr. rmsd
   -8.89189e+02   -4.21808e+02    6.10766e-07

           Step           Time
           7000       14.00000

   Energies (kJ/mol)
        G96Bond       G96Angle    Proper Dih.  Improper Dih.          LJ-14
    9.44211e+01    1.35089e+02    6.85201e+01    5.76482e+01    1.38764e+01
     Coulomb-14        LJ (SR)  Disper. corr.   Coulomb (SR)   Coul. recip.
   -2.91839e+00   -2.44812e+05   -6.25917e+03   -1.34945e+05    7.76845e+02
      Potential    Kinetic En.   Total Energy  Conserved En.    Temperature
   -3.84873e+05    2.67504e+04   -3.58122e+05   -3.58113e+05    2.96734e+02
 Pres. DC (bar) Pressure (bar)   Constr. rmsd
   -8.87684e+02   -4.76688e+02    4.77839e-07

           Step           Time
           7500       15.00000

   Energies (kJ/mol)
        G96Bond       G96Angle    Proper Dih.  Improper Dih.          LJ-14
    1.05431e+02    1.27496e+02    9.04052e+01    5.79052e+01    7.93275e+00
     Coulomb-14        LJ (SR)  Disper. corr.   Coulomb (SR)   Coul. recip.
   -4.95426e+00   -2.45092e+05   -6.27762e+03   -1.34837e+05    7.63923e+02
      Potential    Kinetic En.   Total Energy  Conserved En.    Temperature
   -3.85059e+05    2.69371e+04   -3.58122e+05   -3.58114e+05    2.98804e+02
 Pres. DC (bar) Pressure (bar)   Constr. rmsd
   -8.92918e+02   -2.38848e+02    6.99122e-07

           Step           Time
           8000       16.00000

   Energies (kJ/mol)
        G96Bond       G96Angle    Proper Dih.  Improper Dih.          LJ-14
    1.23535e+02    1.47456e+02    7.31055e+01    4.04867e+01    3.57376e+00
     Coulomb-14        LJ (SR)  Disper. corr.   Coulomb (SR)   Coul. recip.
   -1.93191e+00   -2.45311e+05   -6.26367e+03   -1.34348e+05    7.66994e+02
      Potential    Kinetic En.   Total Energy  Conserved En.    Temperature
   -3.84770e+05    2.66496e+04   -3.58120e+05   -3.58113e+05    2.95615e+02
 Pres. DC (bar) Pressure (bar)   Constr. rmsd
   -8.88960e+02   -4.07107e+02    7.69552e-07

           Step           Time
           8500       17.00000

   Energies (kJ/mol)
        G96Bond       G96Angle    Proper Dih.  Improper Dih.          LJ-14
    9.94805e+01    1.08009e+02    5.94466e+01    8.64236e+01    3.13355e+01
     Coulomb-14        LJ (SR)  Disper. corr.   Coulomb (SR)   Coul. recip.
   -1.96825e+00   -2.44699e+05   -6.27932e+03   -1.35245e+05    7.71523e+02
      Potential    Kinetic En.   Total Energy  Conserved En.    Temperature
   -3.85069e+05    2.69386e+04   -3.58130e+05   -3.58123e+05    2.98822e+02
 Pres. DC (bar) Pressure (bar)   Constr. rmsd
   -8.93400e+02    3.17360e+02    6.64963e-07

           Step           Time
           9000       18.00000

   Energies (kJ/mol)
        G96Bond       G96Angle    Proper Dih.  Improper Dih.          LJ-14
    9.39192e+01    1.49953e+02    8.43497e+01    5.21857e+01    3.80290e+00
     Coulomb-14        LJ (SR)  Disper. corr.   Coulomb (SR)   Coul. recip.
   -1.21052e+00   -2.45430e+05   -6.28329e+03   -1.34471e+05    7.68162e+02
      Potential    Kinetic En.   Total Energy  Conserved En.    Temperature
   -3.85034e+05    2.68982e+04   -3.58135e+05   -3.58125e+05    2.98373e+02
 Pres. DC (bar) Pressure (bar)   Constr. rmsd
   -8.94530e+02   -6.15794e+01    7.90053e-07

           Step           Time
           9500       19.00000

   Energies (kJ/mol)
        G96Bond       G96Angle    Proper Dih.  Improper Dih.          LJ-14
    9.79661e+01    1.52762e+02    8.22075e+01    5.83219e+01   -6.07156e+00
     Coulomb-14        LJ (SR)  Disper. corr.   Coulomb (SR)   Coul. recip.
   -5.14404e+00   -2.44806e+05   -6.26793e+03   -1.35063e+05    8.05481e+02
      Potential    Kinetic En.   Total Energy  Conserved En.    Temperature
   -3.84951e+05    2.68284e+04   -3.58123e+05   -3.58110e+05    2.97599e+02
 Pres. DC (bar) Pressure (bar)   Constr. rmsd
   -8.90167e+02   -1.05750e+02    8.06825e-07

           Step           Time
          10000       20.00000

   Energies (kJ/mol)
        G96Bond       G96Angle    Proper Dih.  Improper Dih.          LJ-14
    1.17295e+02    1.39560e+02    1.10453e+02    5.90617e+01   -2.91501e+00
     Coulomb-14        LJ (SR)  Disper. corr.   Coulomb (SR)   Coul. recip.
   -1.58496e+00   -2.45385e+05   -6.25967e+03   -1.34419e+05    7.79266e+02
      Potential    Kinetic En.   Total Energy  Conserved En.    Temperature
   -3.84862e+05    2.67327e+04   -3.58129e+05   -3.58118e+05    2.96537e+02
 Pres. DC (bar) Pressure (bar)   Constr. rmsd
   -8.87826e+02   -9.94268e+02    8.20428e-07

           Step           Time
          10500       21.00000

   Energies (kJ/mol)
        G96Bond       G96Angle    Proper Dih.  Improper Dih.          LJ-14
    1.07285e+02    1.30190e+02    7.81699e+01    6.48178e+01    8.29372e+00
     Coulomb-14        LJ (SR)  Disper. corr.   Coulomb (SR)   Coul. recip.
   -1.55608e+00   -2.45227e+05   -6.28587e+03   -1.34815e+05    7.49253e+02
      Potential    Kinetic En.   Total Energy  Conserved En.    Temperature
   -3.85191e+05    2.70593e+04   -3.58132e+05   -3.58123e+05    3.00160e+02
 Pres. DC (bar) Pressure (bar)   Constr. rmsd
   -8.95264e+02    1.47328e+02    7.24651e-07

           Step           Time
          11000       22.00000

   Energies (kJ/mol)
        G96Bond       G96Angle    Proper Dih.  Improper Dih.          LJ-14
    1.01472e+02    9.50534e+01    7.94695e+01    4.62323e+01    2.78141e-02
     Coulomb-14        LJ (SR)  Disper. corr.   Coulomb (SR)   Coul. recip.
   -2.37024e+00   -2.45520e+05   -6.27160e+03   -1.34448e+05    8.24125e+02
      Potential    Kinetic En.   Total Energy  Conserved En.    Temperature
   -3.85096e+05    2.69660e+04   -3.58130e+05   -3.58123e+05    2.99125e+02
 Pres. DC (bar) Pressure (bar)   Constr. rmsd
   -8.91208e+02    3.92775e+02    7.26252e-07

           Step           Time
          11500       23.00000

   Energies (kJ/mol)
        G96Bond       G96Angle    Proper Dih.  Improper Dih.          LJ-14
    9.25850e+01    1.09010e+02    9.69704e+01    4.12910e+01    5.90629e+00
     Coulomb-14        LJ (SR)  Disper. corr.   Coulomb (SR)   Coul. recip.
   -4.72917e+00   -2.44909e+05   -6.25647e+03   -1.35115e+05    8.37706e+02
      Potential    Kinetic En.   Total Energy  Conserved En.    Temperature
   -3.85102e+05    2.69788e+04   -3.58123e+05   -3.58116e+05    2.99267e+02
 Pres. DC (bar) Pressure (bar)   Constr. rmsd
   -8.86919e+02   -5.22418e+02    6.44405e-07

           Step           Time
          12000       24.00000

   Energies (kJ/mol)
        G96Bond       G96Angle    Proper Dih.  Improper Dih.          LJ-14
    8.73969e+01    1.15880e+02    8.40385e+01    4.12556e+01   -6.37846e+00
     Coulomb-14        LJ (SR)  Disper. corr.   Coulomb (SR)   Coul. recip.
   -4.41332e+00   -2.44816e+05   -6.26796e+03   -1.35069e+05    7.91376e+02
      Potential    Kinetic En.   Total Energy  Conserved En.    Temperature
   -3.85044e+05    2.69097e+04   -3.58134e+05   -3.58127e+05    2.98500e+02
 Pres. DC (bar) Pressure (bar)   Constr. rmsd
   -8.90176e+02   -7.97452e+02    6.37155e-07

           Step           Time
          12500       25.00000

   Energies (kJ/mol)
        G96Bond       G96Angle    Proper Dih.  Improper Dih.          LJ-14
    8.39565e+01    1.00945e+02    8.75301e+01    6.58435e+01    3.69299e+00
     Coulomb-14        LJ (SR)  Disper. corr.   Coulomb (SR)   Coul. recip.
   -1.50566e+00   -2.44721e+05   -6.25429e+03   -1.34941e+05    7.43524e+02
      Potential    Kinetic En.   Total Energy  Conserved En.    Temperature
   -3.84832e+05    2.67031e+04   -3.58129e+05   -3.58122e+05    2.96209e+02
 Pres. DC (bar) Pressure (bar)   Constr. rmsd
   -8.86302e+02   -2.75419e+02    8.39526e-07

           Step           Time
          13000       26.00000

   Energies (kJ/mol)
        G96Bond       G96Angle    Proper Dih.  Improper Dih.          LJ-14
    6.05590e+01    1.10545e+02    7.48403e+01    6.28754e+01    8.88407e+00
     Coulomb-14        LJ (SR)  Disper. corr.   Coulomb (SR)   Coul. recip.
   -5.29648e+00   -2.44643e+05   -6.27635e+03   -1.35372e+05    8.01166e+02
      Potential    Kinetic En.   Total Energy  Conserved En.    Temperature
   -3.85178e+05    2.70376e+04   -3.58140e+05   -3.58130e+05    2.99919e+02
 Pres. DC (bar) Pressure (bar)   Constr. rmsd
   -8.92557e+02    4.92839e+01    6.93234e-07

           Step           Time
          13500       27.00000

   Energies (kJ/mol)
        G96Bond       G96Angle    Proper Dih.  Improper Dih.          LJ-14
    9.29251e+01    1.11756e+02    1.11769e+02    7.78957e+01   -2.57268e+00
     Coulomb-14        LJ (SR)  Disper. corr.   Coulomb (SR)   Coul. recip.
   -5.25851e+00   -2.44620e+05   -6.26547e+03   -1.34911e+05    8.05170e+02
      Potential    Kinetic En.   Total Energy  Conserved En.    Temperature
   -3.84605e+05    2.64764e+04   -3.58129e+05   -3.58120e+05    2.93694e+02
 Pres. DC (bar) Pressure (bar)   Constr. rmsd
   -8.89469e+02   -2.26396e+01    6.99024e-07

           Step           Time
          14000       28.00000

   Energies (kJ/mol)
        G96Bond       G96Angle    Proper Dih.  Improper Dih.          LJ-14
    1.11175e+02    1.23260e+02    7.76360e+01    5.70043e+01    6.61093e-01
     Coulomb-14        LJ (SR)  Disper. corr.   Coulomb (SR)   Coul. recip.
   -5.20992e+00   -2.44929e+05   -6.26954e+03   -1.35063e+05    7.40706e+02
      Potential    Kinetic En.   Total Energy  Conserved En.    Temperature
   -3.85156e+05    2.70170e+04   -3.58140e+05   -3.58132e+05    2.99691e+02
 Pres. DC (bar) Pressure (bar)   Constr. rmsd
   -8.90625e+02    7.42952e+01    6.08188e-07

           Step           Time
          14500       29.00000

   Energies (kJ/mol)
        G96Bond       G96Angle    Proper Dih.  Improper Dih.          LJ-14
    9.77422e+01    1.31605e+02    8.28727e+01    6.30146e+01    2.06442e-01
     Coulomb-14        LJ (SR)  Disper. corr.   Coulomb (SR)   Coul. recip.
   -5.36520e+00   -2.45026e+05   -6.28066e+03   -1.34961e+05    7.54305e+02
      Potential    Kinetic En.   Total Energy  Conserved En.    Temperature
   -3.85143e+05    2.70014e+04   -3.58142e+05   -3.58133e+05    2.99518e+02
 Pres. DC (bar) Pressure (bar)   Constr. rmsd
   -8.93782e+02   -1.05502e+02    7.42808e-07

           Step           Time
          15000       30.00000

   Energies (kJ/mol)
        G96Bond       G96Angle    Proper Dih.  Improper Dih.          LJ-14
    1.24398e+02    1.00653e+02    7.40054e+01    7.93323e+01   -1.15503e+01
     Coulomb-14        LJ (SR)  Disper. corr.   Coulomb (SR)   Coul. recip.
   -4.62205e+00   -2.44432e+05   -6.26207e+03   -1.35819e+05    7.85638e+02
      Potential    Kinetic En.   Total Energy  Conserved En.    Temperature
   -3.85365e+05    2.72230e+04   -3.58142e+05   -3.58131e+05    3.01976e+02
 Pres. DC (bar) Pressure (bar)   Constr. rmsd
   -8.88506e+02   -4.73844e+02    6.43238e-07

           Step           Time
          15500       31.00000

   Energies (kJ/mol)
        G96Bond       G96Angle    Proper Dih.  Improper Dih.          LJ-14
    8.03299e+01    1.08925e+02    9.15078e+01    9.23138e+01    1.99943e+00
     Coulomb-14        LJ (SR)  Disper. corr.   Coulomb (SR)   Coul. recip.
   -3.92891e+00   -2.45052e+05   -6.26325e+03   -1.34863e+05    7.76118e+02
      Potential    Kinetic En.   Total Energy  Conserved En.    Temperature
   -3.85031e+05    2.68929e+04   -3.58138e+05   -3.58131e+05    2.98314e+02
 Pres. DC (bar) Pressure (bar)   Constr. rmsd
   -8.88839e+02   -3.02235e+02    7.57472e-07

           Step           Time
          16000       32.00000

   Energies (kJ/mol)
        G96Bond       G96Angle    Proper Dih.  Improper Dih.          LJ-14
    7.88537e+01    1.20672e+02    8.53092e+01    7.10378e+01    2.55914e+00
     Coulomb-14        LJ (SR)  Disper. corr.   Coulomb (SR)   Coul. recip.
   -2.41296e+00   -2.44781e+05   -6.26438e+03   -1.35145e+05    8.14175e+02
      Potential    Kinetic En.   Total Energy  Conserved En.    Temperature
   -3.85020e+05    2.68725e+04   -3.58148e+05   -3.58140e+05    2.98088e+02
 Pres. DC (bar) Pressure (bar)   Constr. rmsd
   -8.89160e+02   -3.31876e+02    6.21082e-07

           Step           Time
          16500       33.00000

   Energies (kJ/mol)
        G96Bond       G96Angle    Proper Dih.  Improper Dih.          LJ-14
    7.48223e+01    1.09178e+02    8.17292e+01    6.35009e+01    4.67439e+00
     Coulomb-14        LJ (SR)  Disper. corr.   Coulomb (SR)   Coul. recip.
   -2.27432e+00   -2.45239e+05   -6.26929e+03   -1.34512e+05    8.10689e+02
      Potential    Kinetic En.   Total Energy  Conserved En.    Temperature
   -3.84878e+05    2.67356e+04   -3.58143e+05   -3.58136e+05    2.96569e+02
 Pres. DC (bar) Pressure (bar)   Constr. rmsd
   -8.90554e+02   -5.90826e+02    6.80301e-07

           Step           Time
          17000       34.00000

   Energies (kJ/mol)
        G96Bond       G96Angle    Proper Dih.  Improper Dih.          LJ-14
    8.96873e+01    1.11252e+02    1.14222e+02    4.25749e+01   -1.80597e+00
     Coulomb-14        LJ (SR)  Disper. corr.   Coulomb (SR)   Coul. recip.
   -1.95195e+00   -2.45239e+05   -6.26647e+03   -1.34927e+05    7.71464e+02
      Potential    Kinetic En.   Total Energy  Conserved En.    Temperature
   -3.85307e+05    2.71593e+04   -3.58148e+05   -3.58140e+05    3.01270e+02
 Pres. DC (bar) Pressure (bar)   Constr. rmsd
   -8.89753e+02   -8.92922e+02    7.16019e-07

           Step           Time
          17500       35.00000

   Energies (kJ/mol)
        G96Bond       G96Angle    Proper Dih.  Improper Dih.          LJ-14
    9.83710e+01    1.40913e+02    7.25435e+01    4.80224e+01   -2.35272e-01
     Coulomb-14        LJ (SR)  Disper. corr.   Coulomb (SR)   Coul. recip.
   -2.99233e+00   -2.45450e+05   -6.27082e+03   -1.34229e+05    7.90634e+02
      Potential    Kinetic En.   Total Energy  Conserved En.    Temperature
   -3.84802e+05    2.66577e+04   -3.58144e+05   -3.58136e+05    2.95706e+02
 Pres. DC (bar) Pressure (bar)   Constr. rmsd
   -8.90987e+02   -5.19451e+02    7.12576e-07

           Step           Time
          18000       36.00000

   Energies (kJ/mol)
        G96Bond       G96Angle    Proper Dih.  Improper Dih.          LJ-14
    6.91008e+01    1.07019e+02    1.06402e+02    4.27934e+01   -2.05796e+00
     Coulomb-14        LJ (SR)  Disper. corr.   Coulomb (SR)   Coul. recip.
   -2.33841e+00   -2.44553e+05   -6.26820e+03   -1.35439e+05    7.73411e+02
      Potential    Kinetic En.   Total Energy  Conserved En.    Temperature
   -3.85166e+05    2.70153e+04   -3.58151e+05   -3.58142e+05    2.99672e+02
 Pres. DC (bar) Pressure (bar)   Constr. rmsd
   -8.90244e+02    1.25034e+01    5.54725e-07

           Step           Time
          18500       37.00000

   Energies (kJ/mol)
        G96Bond       G96Angle    Proper Dih.  Improper Dih.          LJ-14
    1.23561e+02    8.89529e+01    1.12417e+02    4.42643e+01    3.97620e-01
     Coulomb-14        LJ (SR)  Disper. corr.   Coulomb (SR)   Coul. recip.
   -2.97460e+00   -2.45053e+05   -6.28847e+03   -1.35117e+05    7.64200e+02
      Potential    Kinetic En.   Total Energy  Conserved En.    Temperature
   -3.85328e+05    2.71754e+04   -3.58153e+05   -3.58144e+05    3.01448e+02
 Pres. DC (bar) Pressure (bar)   Constr. rmsd
   -8.96002e+02    4.78876e+02    6.83407e-07

           Step           Time
          19000       38.00000

   Energies (kJ/mol)
        G96Bond       G96Angle    Proper Dih.  Improper Dih.          LJ-14
    9.53830e+01    1.00037e+02    8.54347e+01    6.35476e+01   -5.97693e+00
     Coulomb-14        LJ (SR)  Disper. corr.   Coulomb (SR)   Coul. recip.
   -3.71327e+00   -2.44911e+05   -6.27307e+03   -1.35219e+05    7.63364e+02
      Potential    Kinetic En.   Total Energy  Conserved En.    Temperature
   -3.85305e+05    2.71514e+04   -3.58154e+05   -3.58140e+05    3.01182e+02
 Pres. DC (bar) Pressure (bar)   Constr. rmsd
   -8.91625e+02    3.19751e+02    7.71945e-07

           Step           Time
          19500       39.00000

   Energies (kJ/mol)
        G96Bond       G96Angle    Proper Dih.  Improper Dih.          LJ-14
    7.92455e+01    1.32179e+02    7.98307e+01    5.74530e+01   -4.84984e-01
     Coulomb-14        LJ (SR)  Disper. corr.   Coulomb (SR)   Coul. recip.
   -2.63704e+00   -2.45426e+05   -6.25917e+03   -1.34466e+05    7.59252e+02
      Potential    Kinetic En.   Total Energy  Conserved En.    Temperature
   -3.85046e+05    2.69028e+04   -3.58143e+05   -3.58136e+05    2.98424e+02
 Pres. DC (bar) Pressure (bar)   Constr. rmsd
   -8.87684e+02   -7.50346e+02    6.84306e-07

           Step           Time
          20000       40.00000

   Energies (kJ/mol)
        G96Bond       G96Angle    Proper Dih.  Improper Dih.          LJ-14
    8.07588e+01    1.08818e+02    8.84599e+01    4.89459e+01   -4.49563e+00
     Coulomb-14        LJ (SR)  Disper. corr.   Coulomb (SR)   Coul. recip.
   -2.85880e+00   -2.45976e+05   -6.26838e+03   -1.33565e+05    8.11103e+02
      Potential    Kinetic En.   Total Energy  Conserved En.    Temperature
   -3.84678e+05    2.65379e+04   -3.58140e+05   -3.58133e+05    2.94377e+02
 Pres. DC (bar) Pressure (bar)   Constr. rmsd
   -8.90296e+02   -9.71069e+02    5.73021e-07

           Step           Time
          20500       41.00000

   Energies (kJ/mol)
        G96Bond       G96Angle    Proper Dih.  Improper Dih.          LJ-14
    1.27097e+02    1.20517e+02    9.78581e+01    5.99260e+01    4.17435e+00
     Coulomb-14        LJ (SR)  Disper. corr.   Coulomb (SR)   Coul. recip.
   -3.84408e+00   -2.45891e+05   -6.25641e+03   -1.33919e+05    7.74588e+02
      Potential    Kinetic En.   Total Energy  Conserved En.    Temperature
   -3.84886e+05    2.67417e+04   -3.58144e+05   -3.58133e+05    2.96637e+02
 Pres. DC (bar) Pressure (bar)   Constr. rmsd
   -8.86903e+02   -4.89274e+02    6.36725e-07

           Step           Time
          21000       42.00000

   Energies (kJ/mol)
        G96Bond       G96Angle    Proper Dih.  Improper Dih.          LJ-14
    7.97497e+01    1.19050e+02    9.88115e+01    6.46656e+01    4.69574e+00
     Coulomb-14        LJ (SR)  Disper. corr.   Coulomb (SR)   Coul. recip.
   -3.49009e+00   -2.44823e+05   -6.28514e+03   -1.35002e+05    7.51875e+02
      Potential    Kinetic En.   Total Energy  Conserved En.    Temperature
   -3.84994e+05    2.68392e+04   -3.58155e+05   -3.58147e+05    2.97718e+02
 Pres. DC (bar) Pressure (bar)   Constr. rmsd
   -8.95055e+02    1.62792e+02    5.31323e-07

           Step           Time
          21500       43.00000

   Energies (kJ/mol)
        G96Bond       G96Angle    Proper Dih.  Improper Dih.          LJ-14
    9.56255e+01    1.19374e+02    7.90427e+01    5.98699e+01   -5.02983e+00
     Coulomb-14        LJ (SR)  Disper. corr.   Coulomb (SR)   Coul. recip.
   -3.33250e+00   -2.45082e+05   -6.25997e+03   -1.35084e+05    8.85355e+02
      Potential    Kinetic En.   Total Energy  Conserved En.    Temperature
   -3.85196e+05    2.70497e+04   -3.58146e+05   -3.58135e+05    3.00054e+02
 Pres. DC (bar) Pressure (bar)   Constr. rmsd
   -8.87912e+02   -4.17244e+02    6.94218e-07

           Step           Time
          22000       44.00000

   Energies (kJ/mol)
        G96Bond       G96Angle    Proper Dih.  Improper Dih.          LJ-14
    9.71170e+01    1.10710e+02    1.00938e+02    4.66698e+01   -1.21649e+01
     Coulomb-14        LJ (SR)  Disper. corr.   Coulomb (SR)   Coul. recip.
   -3.17828e+00   -2.44842e+05   -6.26218e+03   -1.35089e+05    7.37815e+02
      Potential    Kinetic En.   Total Energy  Conserved En.    Temperature
   -3.85115e+05    2.69624e+04   -3.58153e+05   -3.58145e+05    2.99085e+02
 Pres. DC (bar) Pressure (bar)   Constr. rmsd
   -8.88537e+02   -6.65440e+02    6.90864e-07

           Step           Time
          22500       45.00000

   Energies (kJ/mol)
        G96Bond       G96Angle    Proper Dih.  Improper Dih.          LJ-14
    8.67498e+01    8.79194e+01    1.11227e+02    5.48314e+01    1.72920e+00
     Coulomb-14        LJ (SR)  Disper. corr.   Coulomb (SR)   Coul. recip.
   -1.92182e+00   -2.44976e+05   -6.25422e+03   -1.35105e+05    7.73602e+02
      Potential    Kinetic En.   Total Energy  Conserved En.    Temperature
   -3.85222e+05    2.70737e+04   -3.58148e+05   -3.58138e+05    3.00320e+02
 Pres. DC (bar) Pressure (bar)   Constr. rmsd
   -8.86281e+02   -1.27782e+03    7.28037e-07

           Step           Time
          23000       46.00000

   Energies (kJ/mol)
        G96Bond       G96Angle    Proper Dih.  Improper Dih.          LJ-14
    8.54385e+01    1.03089e+02    8.70036e+01    5.53965e+01    2.44137e+01
     Coulomb-14        LJ (SR)  Disper. corr.   Coulomb (SR)   Coul. recip.
   -2.17762e+00   -2.45433e+05   -6.26618e+03   -1.34883e+05    7.83015e+02
      Potential    Kinetic En.   Total Energy  Conserved En.    Temperature
   -3.85446e+05    2.72833e+04   -3.58162e+05   -3.58149e+05    3.02645e+02
 Pres. DC (bar) Pressure (bar)   Constr. rmsd
   -8.89670e+02    3.30708e+01    6.93234e-07

           Step           Time
          23500       47.00000

   Energies (kJ/mol)
        G96Bond       G96Angle    Proper Dih.  Improper Dih.          LJ-14
    1.02037e+02    1.13169e+02    8.21114e+01    5.49417e+01   -2.22630e+00
     Coulomb-14        LJ (SR)  Disper. corr.   Coulomb (SR)   Coul. recip.
   -3.53653e+00   -2.45171e+05   -6.29210e+03   -1.35030e+05    7.09419e+02
      Potential    Kinetic En.   Total Energy  Conserved En.    Temperature
   -3.85437e+05    2.72692e+04   -3.58168e+05   -3.58160e+05    3.02488e+02
 Pres. DC (bar) Pressure (bar)   Constr. rmsd
   -8.97036e+02    2.84786e+02    7.27943e-07

           Step           Time
          24000       48.00000

   Energies (kJ/mol)
        G96Bond       G96Angle    Proper Dih.  Improper Dih.          LJ-14
    8.47362e+01    1.09489e+02    8.20833e+01    6.36163e+01    8.62069e-01
     Coulomb-14        LJ (SR)  Disper. corr.   Coulomb (SR)   Coul. recip.
   -3.68626e+00   -2.45524e+05   -6.25780e+03   -1.34442e+05    8.26470e+02
      Potential    Kinetic En.   Total Energy  Conserved En.    Temperature
   -3.85060e+05    2.68971e+04   -3.58163e+05   -3.58139e+05    2.98360e+02
 Pres. DC (bar) Pressure (bar)   Constr. rmsd
   -8.87296e+02   -2.35825e+02    7.04379e-07

           Step           Time
          24500       49.00000

   Energies (kJ/mol)
        G96Bond       G96Angle    Proper Dih.  Improper Dih.          LJ-14
    9.01871e+01    1.02389e+02    9.91079e+01    4.68322e+01    4.11237e-01
     Coulomb-14        LJ (SR)  Disper. corr.   Coulomb (SR)   Coul. recip.
   -4.77472e+00   -2.45643e+05   -6.25170e+03   -1.34121e+05    8.24321e+02
      Potential    Kinetic En.   Total Energy  Conserved En.    Temperature
   -3.84857e+05    2.67202e+04   -3.58137e+05   -3.58129e+05    2.96398e+02
 Pres. DC (bar) Pressure (bar)   Constr. rmsd
   -8.85569e+02   -1.42816e+03    7.38195e-07

           Step           Time
          25000       50.00000

   Energies (kJ/mol)
        G96Bond       G96Angle    Proper Dih.  Improper Dih.          LJ-14
    9.37440e+01    8.58840e+01    9.86560e+01    6.75132e+01   -1.35979e-01
     Coulomb-14        LJ (SR)  Disper. corr.   Coulomb (SR)   Coul. recip.
   -4.11788e+00   -2.45608e+05   -6.25890e+03   -1.34189e+05    7.87053e+02
      Potential    Kinetic En.   Total Energy  Conserved En.    Temperature
   -3.84927e+05    2.67782e+04   -3.58148e+05   -3.58136e+05    2.97042e+02
 Pres. DC (bar) Pressure (bar)   Constr. rmsd
   -8.87608e+02   -1.40028e+03    5.87154e-07

           Step           Time
          25500       51.00000

   Energies (kJ/mol)
        G96Bond       G96Angle    Proper Dih.  Improper Dih.          LJ-14
    8.00710e+01    1.04354e+02    8.18722e+01    5.96729e+01    1.70237e+00
     Coulomb-14        LJ (SR)  Disper. corr.   Coulomb (SR)   Coul. recip.
   -3.95943e+00   -2.45407e+05   -6.25351e+03   -1.34391e+05    8.26254e+02
      Potential    Kinetic En.   Total Energy  Conserved En.    Temperature
   -3.84902e+05    2.67518e+04   -3.58150e+05   -3.58140e+05    2.96750e+02
 Pres. DC (bar) Pressure (bar)   Constr. rmsd
   -8.86082e+02   -5.38859e+02    6.60841e-07

           Step           Time
          26000       52.00000

   Energies (kJ/mol)
        G96Bond       G96Angle    Proper Dih.  Improper Dih.          LJ-14
    8.93619e+01    1.07948e+02    1.06806e+02    4.80246e+01   -3.92718e-01
     Coulomb-14        LJ (SR)  Disper. corr.   Coulomb (SR)   Coul. recip.
   -1.93677e+00   -2.45668e+05   -6.26966e+03   -1.34144e+05    8.26064e+02
      Potential    Kinetic En.   Total Energy  Conserved En.    Temperature
   -3.84906e+05    2.67409e+04   -3.58165e+05   -3.58146e+05    2.96628e+02
 Pres. DC (bar) Pressure (bar)   Constr. rmsd
   -8.90658e+02   -6.68603e+02    6.04921e-07

           Step           Time
          26500       53.00000

   Energies (kJ/mol)
        G96Bond       G96Angle    Proper Dih.  Improper Dih.          LJ-14
    9.04336e+01    1.08187e+02    1.20077e+02    6.00791e+01    1.87964e+00
     Coulomb-14        LJ (SR)  Disper. corr.   Coulomb (SR)   Coul. recip.
   -7.05225e+00   -2.44979e+05   -6.26794e+03   -1.34970e+05    7.57645e+02
      Potential    Kinetic En.   Total Energy  Conserved En.    Temperature
   -3.85085e+05    2.69304e+04   -3.58155e+05   -3.58146e+05    2.98730e+02
 Pres. DC (bar) Pressure (bar)   Constr. rmsd
   -8.90171e+02   -3.20709e+02    8.59471e-07

           Step           Time
          27000       54.00000

   Energies (kJ/mol)
        G96Bond       G96Angle    Proper Dih.  Improper Dih.          LJ-14
    9.78243e+01    9.78290e+01    9.47616e+01    4.91698e+01   -3.24408e-01
     Coulomb-14        LJ (SR)  Disper. corr.   Coulomb (SR)   Coul. recip.
   -3.35768e+00   -2.45325e+05   -6.25953e+03   -1.34972e+05    7.66274e+02
      Potential    Kinetic En.   Total Energy  Conserved En.    Temperature
   -3.85455e+05    2.73033e+04   -3.58151e+05   -3.58140e+05    3.02867e+02
 Pres. DC (bar) Pressure (bar)   Constr. rmsd
   -8.87787e+02   -3.57227e+02    7.57562e-07

           Step           Time
          27500       55.00000

   Energies (kJ/mol)
        G96Bond       G96Angle    Proper Dih.  Improper Dih.          LJ-14
    7.73244e+01    8.52102e+01    1.12486e+02    6.48547e+01    1.12003e+00
     Coulomb-14        LJ (SR)  Disper. corr.   Coulomb (SR)   Coul. recip.
   -1.41845e+00   -2.45484e+05   -6.26698e+03   -1.34698e+05    7.74202e+02
      Potential    Kinetic En.   Total Energy  Conserved En.    Temperature
   -3.85335e+05    2.71838e+04   -3.58152e+05   -3.58143e+05    3.01542e+02
 Pres. DC (bar) Pressure (bar)   Constr. rmsd
   -8.89897e+02   -2.96104e+02    7.24273e-07

           Step           Time
          28000       56.00000

   Energies (kJ/mol)
        G96Bond       G96Angle    Proper Dih.  Improper Dih.          LJ-14
    8.92453e+01    9.14005e+01    8.30542e+01    4.73930e+01   -1.01720e+00
     Coulomb-14        LJ (SR)  Disper. corr.   Coulomb (SR)   Coul. recip.
   -3.02649e+00   -2.45545e+05   -6.25984e+03   -1.34038e+05    7.68715e+02
      Potential    Kinetic En.   Total Energy  Conserved En.    Temperature
   -3.84767e+05    2.66201e+04   -3.58147e+05   -3.58140e+05    2.95288e+02
 Pres. DC (bar) Pressure (bar)   Constr. rmsd
   -8.87873e+02   -1.08606e+03    7.81270e-07

           Step           Time
          28500       57.00000

   Energies (kJ/mol)
        G96Bond       G96Angle    Proper Dih.  Improper Dih.          LJ-14
    8.02969e+01    1.18689e+02    8.63651e+01    6.31892e+01   -1.33049e+00
     Coulomb-14        LJ (SR)  Disper. corr.   Coulomb (SR)   Coul. recip.
   -3.76502e+00   -2.45454e+05   -6.26621e+03   -1.34443e+05    7.34638e+02
      Potential    Kinetic En.   Total Energy  Conserved En.    Temperature
   -3.85085e+05    2.69286e+04   -3.58156e+05   -3.58147e+05    2.98711e+02
 Pres. DC (bar) Pressure (bar)   Constr. rmsd
   -8.89680e+02   -8.59739e+02    6.55547e-07

           Step           Time
          29000       58.00000

   Energies (kJ/mol)
        G96Bond       G96Angle    Proper Dih.  Improper Dih.          LJ-14
    7.79674e+01    9.64548e+01    1.19139e+02    4.22625e+01   -1.80528e+00
     Coulomb-14        LJ (SR)  Disper. corr.   Coulomb (SR)   Coul. recip.
   -9.08965e-01   -2.45724e+05   -6.27081e+03   -1.34148e+05    8.22217e+02
      Potential    Kinetic En.   Total Energy  Conserved En.    Temperature
   -3.84988e+05    2.68216e+04   -3.58166e+05   -3.58157e+05    2.97523e+02
 Pres. DC (bar) Pressure (bar)   Constr. rmsd
   -8.90984e+02   -4.54596e+02    8.55567e-07

           Step           Time
          29500       59.00000

   Energies (kJ/mol)
        G96Bond       G96Angle    Proper Dih.  Improper Dih.          LJ-14
    7.99178e+01    8.78350e+01    8.41116e+01    7.11870e+01    2.93733e-01
     Coulomb-14        LJ (SR)  Disper. corr.   Coulomb (SR)   Coul. recip.
   -3.37577e+00   -2.45493e+05   -6.26802e+03   -1.34415e+05    8.05677e+02
      Potential    Kinetic En.   Total Energy  Conserved En.    Temperature
   -3.85050e+05    2.68945e+04   -3.58155e+05   -3.58147e+05    2.98332e+02
 Pres. DC (bar) Pressure (bar)   Constr. rmsd
   -8.90193e+02   -2.62816e+02    6.56588e-07

           Step           Time
          30000       60.00000

   Energies (kJ/mol)
        G96Bond       G96Angle    Proper Dih.  Improper Dih.          LJ-14
    7.09604e+01    1.18360e+02    8.13903e+01    5.34834e+01    4.30165e+00
     Coulomb-14        LJ (SR)  Disper. corr.   Coulomb (SR)   Coul. recip.
   -3.82448e+00   -2.45077e+05   -6.26232e+03   -1.34766e+05    7.80309e+02
      Potential    Kinetic En.   Total Energy  Conserved En.    Temperature
   -3.85000e+05    2.68445e+04   -3.58156e+05   -3.58144e+05    2.97777e+02
 Pres. DC (bar) Pressure (bar)   Constr. rmsd
   -8.88577e+02   -2.73663e+02    6.65271e-07

           Step           Time
          30500       61.00000

   Energies (kJ/mol)
        G96Bond       G96Angle    Proper Dih.  Improper Dih.          LJ-14
    9.63528e+01    9.32838e+01    9.40710e+01    6.22151e+01   -7.12688e+00
     Coulomb-14        LJ (SR)  Disper. corr.   Coulomb (SR)   Coul. recip.
   -3.67549e+00   -2.45114e+05   -6.25923e+03   -1.34299e+05    7.26565e+02
      Potential    Kinetic En.   Total Energy  Conserved En.    Temperature
   -3.84610e+05    2.64647e+04   -3.58146e+05   -3.58139e+05    2.93564e+02
 Pres. DC (bar) Pressure (bar)   Constr. rmsd
   -8.87702e+02   -9.35215e+02    7.60173e-07

           Step           Time
          31000       62.00000

   Energies (kJ/mol)
        G96Bond       G96Angle    Proper Dih.  Improper Dih.          LJ-14
    9.48254e+01    1.09838e+02    6.75824e+01    5.59271e+01    5.58779e+00
     Coulomb-14        LJ (SR)  Disper. corr.   Coulomb (SR)   Coul. recip.
   -4.61864e+00   -2.45943e+05   -6.25608e+03   -1.34321e+05    8.01316e+02
      Potential    Kinetic En.   Total Energy  Conserved En.    Temperature
   -3.85389e+05    2.72321e+04   -3.58157e+05   -3.58150e+05    3.02077e+02
 Pres. DC (bar) Pressure (bar)   Constr. rmsd
   -8.86809e+02   -1.66772e+03    7.69996e-07

           Step           Time
          31500       63.00000

   Energies (kJ/mol)
        G96Bond       G96Angle    Proper Dih.  Improper Dih.          LJ-14
    9.35725e+01    1.00108e+02    1.07209e+02    5.28655e+01   -4.19127e+00
     Coulomb-14        LJ (SR)  Disper. corr.   Coulomb (SR)   Coul. recip.
   -3.55264e+00   -2.45313e+05   -6.25563e+03   -1.34427e+05    7.55902e+02
      Potential    Kinetic En.   Total Energy  Conserved En.    Temperature
   -3.84894e+05    2.67399e+04   -3.58154e+05   -3.58140e+05    2.96617e+02
 Pres. DC (bar) Pressure (bar)   Constr. rmsd
   -8.86682e+02   -8.24760e+02    5.74093e-07

           Step           Time
          32000       64.00000

   Energies (kJ/mol)
        G96Bond       G96Angle    Proper Dih.  Improper Dih.          LJ-14
    9.34841e+01    9.07050e+01    6.75379e+01    4.25505e+01   -6.32677e+00
     Coulomb-14        LJ (SR)  Disper. corr.   Coulomb (SR)   Coul. recip.
   -4.43318e+00   -2.44473e+05   -6.26259e+03   -1.35253e+05    8.18939e+02
      Potential    Kinetic En.   Total Energy  Conserved En.    Temperature
   -3.84886e+05    2.67345e+04   -3.58152e+05   -3.58143e+05    2.96557e+02
 Pres. DC (bar) Pressure (bar)   Constr. rmsd
   -8.88653e+02   -4.37926e+02    7.66349e-07

           Step           Time
          32500       65.00000

   Energies (kJ/mol)
        G96Bond       G96Angle    Proper Dih.  Improper Dih.          LJ-14
    8.63070e+01    9.04121e+01    6.44770e+01    6.95931e+01    2.32600e+01
     Coulomb-14        LJ (SR)  Disper. corr.   Coulomb (SR)   Coul. recip.
   -1.12221e+00   -2.44575e+05   -6.27995e+03   -1.34957e+05    7.73360e+02
      Potential    Kinetic En.   Total Energy  Conserved En.    Temperature
   -3.84705e+05    2.65517e+04   -3.58153e+05   -3.58146e+05    2.94530e+02
 Pres. DC (bar) Pressure (bar)   Constr. rmsd
   -8.93579e+02    4.33436e+02    6.05486e-07

           Step           Time
          33000       66.00000

   Energies (kJ/mol)
        G96Bond       G96Angle    Proper Dih.  Improper Dih.          LJ-14
    9.46681e+01    1.18612e+02    7.82449e+01    5.27747e+01    7.30836e+00
     Coulomb-14        LJ (SR)  Disper. corr.   Coulomb (SR)   Coul. recip.
   -2.77970e+00   -2.44793e+05   -6.27059e+03   -1.35500e+05    7.37016e+02
      Potential    Kinetic En.   Total Energy  Conserved En.    Temperature
   -3.85479e+05    2.73145e+04   -3.58164e+05   -3.58157e+05    3.02991e+02
 Pres. DC (bar) Pressure (bar)   Constr. rmsd
   -8.90922e+02    2.63904e+02    8.51966e-07

           Step           Time
          33500       67.00000

   Energies (kJ/mol)
        G96Bond       G96Angle    Proper Dih.  Improper Dih.          LJ-14
    6.94262e+01    1.15877e+02    6.48134e+01    5.57805e+01    5.36365e+00
     Coulomb-14        LJ (SR)  Disper. corr.   Coulomb (SR)   Coul. recip.
   -3.48976e+00   -2.44392e+05   -6.27699e+03   -1.35397e+05    7.81806e+02
      Potential    Kinetic En.   Total Energy  Conserved En.    Temperature
   -3.84976e+05    2.68127e+04   -3.58164e+05   -3.58156e+05    2.97425e+02
 Pres. DC (bar) Pressure (bar)   Constr. rmsd
   -8.92738e+02   -2.56768e+02    7.46570e-07

           Step           Time
          34000       68.00000

   Energies (kJ/mol)
        G96Bond       G96Angle    Proper Dih.  Improper Dih.          LJ-14
    8.65633e+01    1.02214e+02    8.81017e+01    6.40814e+01   -1.68473e+00
     Coulomb-14        LJ (SR)  Disper. corr.   Coulomb (SR)   Coul. recip.
   -2.01759e+00   -2.45188e+05   -6.24862e+03   -1.34785e+05    8.43771e+02
      Potential    Kinetic En.   Total Energy  Conserved En.    Temperature
   -3.85040e+05    2.68856e+04   -3.58155e+05   -3.58146e+05    2.98233e+02
 Pres. DC (bar) Pressure (bar)   Constr. rmsd
   -8.84698e+02   -6.80438e+02    6.88983e-07

           Step           Time
          34500       69.00000

   Energies (kJ/mol)
        G96Bond       G96Angle    Proper Dih.  Improper Dih.          LJ-14
    1.00954e+02    1.20768e+02    6.72982e+01    4.95343e+01   -1.23454e+00
     Coulomb-14        LJ (SR)  Disper. corr.   Coulomb (SR)   Coul. recip.
   -3.08689e+00   -2.44939e+05   -6.27067e+03   -1.34611e+05    7.92750e+02
      Potential    Kinetic En.   Total Energy  Conserved En.    Temperature
   -3.84693e+05    2.65342e+04   -3.58159e+05   -3.58149e+05    2.94336e+02
 Pres. DC (bar) Pressure (bar)   Constr. rmsd
   -8.90945e+02   -4.32454e+02    7.12864e-07

           Step           Time
          35000       70.00000

   Energies (kJ/mol)
        G96Bond       G96Angle    Proper Dih.  Improper Dih.          LJ-14
    7.39628e+01    1.04370e+02    6.33082e+01    5.27231e+01    8.69590e+00
     Coulomb-14        LJ (SR)  Disper. corr.   Coulomb (SR)   Coul. recip.
   -2.55998e+00   -2.45415e+05   -6.26336e+03   -1.34474e+05    7.93788e+02
      Potential    Kinetic En.   Total Energy  Conserved En.    Temperature
   -3.85058e+05    2.68967e+04   -3.58161e+05   -3.58152e+05    2.98356e+02
 Pres. DC (bar) Pressure (bar)   Constr. rmsd
   -8.88873e+02   -4.62156e+02    5.86921e-07

           Step           Time
          35500       71.00000

   Energies (kJ/mol)
        G96Bond       G96Angle    Proper Dih.  Improper Dih.          LJ-14
    7.65088e+01    1.07758e+02    8.12257e+01    8.65561e+01   -2.01406e+00
     Coulomb-14        LJ (SR)  Disper. corr.   Coulomb (SR)   Coul. recip.
   -1.02397e+00   -2.45517e+05   -6.26512e+03   -1.34179e+05    7.82972e+02
      Potential    Kinetic En.   Total Energy  Conserved En.    Temperature
   -3.84829e+05    2.66701e+04   -3.58159e+05   -3.58150e+05    2.95843e+02
 Pres. DC (bar) Pressure (bar)   Constr. rmsd
   -8.89371e+02   -5.57578e+02    5.83887e-07

           Step           Time
          36000       72.00000

   Energies (kJ/mol)
        G96Bond       G96Angle    Proper Dih.  Improper Dih.          LJ-14
    9.34138e+01    1.12083e+02    8.01514e+01    5.33454e+01    7.18113e+00
     Coulomb-14        LJ (SR)  Disper. corr.   Coulomb (SR)   Coul. recip.
   -4.46425e+00   -2.44962e+05   -6.26724e+03   -1.35043e+05    7.78942e+02
      Potential    Kinetic En.   Total Energy  Conserved En.    Temperature
   -3.85151e+05    2.69897e+04   -3.58161e+05   -3.58154e+05    2.99388e+02
 Pres. DC (bar) Pressure (bar)   Constr. rmsd
   -8.89971e+02   -4.43492e+02    8.34629e-07

           Step           Time
          36500       73.00000

   Energies (kJ/mol)
        G96Bond       G96Angle    Proper Dih.  Improper Dih.          LJ-14
    6.83236e+01    1.11242e+02    8.70943e+01    5.33469e+01   -1.87712e+00
     Coulomb-14        LJ (SR)  Disper. corr.   Coulomb (SR)   Coul. recip.
   -3.74754e+00   -2.46036e+05   -6.27359e+03   -1.33528e+05    7.75389e+02
      Potential    Kinetic En.   Total Energy  Conserved En.    Temperature
   -3.84748e+05    2.65805e+04   -3.58167e+05   -3.58160e+05    2.94849e+02
 Pres. DC (bar) Pressure (bar)   Constr. rmsd
   -8.91774e+02   -5.06413e+02    7.84325e-07

           Step           Time
          37000       74.00000

   Energies (kJ/mol)
        G96Bond       G96Angle    Proper Dih.  Improper Dih.          LJ-14
    1.06533e+02    1.01783e+02    8.18134e+01    6.23365e+01   -2.63246e+00
     Coulomb-14        LJ (SR)  Disper. corr.   Coulomb (SR)   Coul. recip.
   -5.63837e+00   -2.45451e+05   -6.25812e+03   -1.34730e+05    7.30582e+02
      Potential    Kinetic En.   Total Energy  Conserved En.    Temperature
   -3.85365e+05    2.72027e+04   -3.58162e+05   -3.58153e+05    3.01751e+02
 Pres. DC (bar) Pressure (bar)   Constr. rmsd
   -8.87388e+02   -8.40424e+02    5.73617e-07

           Step           Time
          37500       75.00000

   Energies (kJ/mol)
        G96Bond       G96Angle    Proper Dih.  Improper Dih.          LJ-14
    8.97271e+01    9.64274e+01    9.54878e+01    5.58802e+01    4.95154e+00
     Coulomb-14        LJ (SR)  Disper. corr.   Coulomb (SR)   Coul. recip.
   -3.14430e+00   -2.44668e+05   -6.25468e+03   -1.35192e+05    7.75432e+02
      Potential    Kinetic En.   Total Energy  Conserved En.    Temperature
   -3.84999e+05    2.68412e+04   -3.58158e+05   -3.58151e+05    2.97741e+02
 Pres. DC (bar) Pressure (bar)   Constr. rmsd
   -8.86413e+02   -5.37476e+02    6.28518e-07

           Step           Time
          38000       76.00000

   Energies (kJ/mol)
        G96Bond       G96Angle    Proper Dih.  Improper Dih.          LJ-14
    9.36079e+01    1.10886e+02    9.81497e+01    5.51679e+01   -9.89825e+00
     Coulomb-14        LJ (SR)  Disper. corr.   Coulomb (SR)   Coul. recip.
   -4.94326e+00   -2.45346e+05   -6.28378e+03   -1.34348e+05    7.82672e+02
      Potential    Kinetic En.   Total Energy  Conserved En.    Temperature
   -3.84852e+05    2.66795e+04   -3.58172e+05   -3.58162e+05    2.95947e+02
 Pres. DC (bar) Pressure (bar)   Constr. rmsd
   -8.94669e+02   -5.37360e+02    6.94907e-07

           Step           Time
          38500       77.00000

   Energies (kJ/mol)
        G96Bond       G96Angle    Proper Dih.  Improper Dih.          LJ-14
    1.12982e+02    9.36147e+01    8.21947e+01    7.34375e+01    2.17926e+00
     Coulomb-14        LJ (SR)  Disper. corr.   Coulomb (SR)   Coul. recip.
   -4.12742e+00   -2.45290e+05   -6.23977e+03   -1.34816e+05    8.17680e+02
      Potential    Kinetic En.   Total Energy  Conserved En.    Temperature
   -3.85168e+05    2.70178e+04   -3.58151e+05   -3.58142e+05    2.99700e+02
 Pres. DC (bar) Pressure (bar)   Constr. rmsd
   -8.82198e+02   -7.84319e+02    7.48398e-07

           Step           Time
          39000       78.00000

   Energies (kJ/mol)
        G96Bond       G96Angle    Proper Dih.  Improper Dih.          LJ-14
    8.12890e+01    1.03726e+02    1.30808e+02    6.70780e+01    1.28652e+01
     Coulomb-14        LJ (SR)  Disper. corr.   Coulomb (SR)   Coul. recip.
   -3.80484e+00   -2.45127e+05   -6.28570e+03   -1.34789e+05    7.66876e+02
      Potential    Kinetic En.   Total Energy  Conserved En.    Temperature
   -3.85042e+05    2.68745e+04   -3.58168e+05   -3.58161e+05    2.98110e+02
 Pres. DC (bar) Pressure (bar)   Constr. rmsd
   -8.95216e+02   -5.78540e+02    7.35506e-07

           Step           Time
          39500       79.00000

   Energies (kJ/mol)
        G96Bond       G96Angle    Proper Dih.  Improper Dih.          LJ-14
    1.21271e+02    9.31264e+01    1.21382e+02    5.70451e+01   -9.18854e+00
     Coulomb-14        LJ (SR)  Disper. corr.   Coulomb (SR)   Coul. recip.
   -3.67906e+00   -2.45158e+05   -6.26117e+03   -1.34881e+05    7.96606e+02
      Potential    Kinetic En.   Total Energy  Conserved En.    Temperature
   -3.85123e+05    2.69690e+04   -3.58154e+05   -3.58147e+05    2.99158e+02
 Pres. DC (bar) Pressure (bar)   Constr. rmsd
   -8.88251e+02   -6.56251e+02    6.06613e-07

           Step           Time
          40000       80.00000

   Energies (kJ/mol)
        G96Bond       G96Angle    Proper Dih.  Improper Dih.          LJ-14
    1.02746e+02    9.05234e+01    1.18088e+02    4.89960e+01   -5.01855e+00
     Coulomb-14        LJ (SR)  Disper. corr.   Coulomb (SR)   Coul. recip.
   -2.75696e+00   -2.44600e+05   -6.26669e+03   -1.34996e+05    7.67901e+02
      Potential    Kinetic En.   Total Energy  Conserved En.    Temperature
   -3.84742e+05    2.65820e+04   -3.58160e+05   -3.58153e+05    2.94865e+02
 Pres. DC (bar) Pressure (bar)   Constr. rmsd
   -8.89815e+02   -2.35994e+02    7.23518e-07

           Step           Time
          40500       81.00000

   Energies (kJ/mol)
        G96Bond       G96Angle    Proper Dih.  Improper Dih.          LJ-14
    8.92127e+01    1.01715e+02    1.08220e+02    6.28726e+01   -7.87070e+00
     Coulomb-14        LJ (SR)  Disper. corr.   Coulomb (SR)   Coul. recip.
   -3.30968e-01   -2.44906e+05   -6.26940e+03   -1.34572e+05    7.91193e+02
      Potential    Kinetic En.   Total Energy  Conserved En.    Temperature
   -3.84602e+05    2.64432e+04   -3.58159e+05   -3.58152e+05    2.93326e+02
 Pres. DC (bar) Pressure (bar)   Constr. rmsd
   -8.90586e+02   -3.33857e+02    7.69463e-07

           Step           Time
          41000       82.00000

   Energies (kJ/mol)
        G96Bond       G96Angle    Proper Dih.  Improper Dih.          LJ-14
    9.70454e+01    1.14081e+02    1.10247e+02    5.21388e+01    2.00553e+00
     Coulomb-14        LJ (SR)  Disper. corr.   Coulomb (SR)   Coul. recip.
   -1.40764e+00   -2.44735e+05   -6.26556e+03   -1.35261e+05    7.97315e+02
      Potential    Kinetic En.   Total Energy  Conserved En.    Temperature
   -3.85091e+05    2.69280e+04   -3.58163e+05   -3.58154e+05    2.98704e+02
 Pres. DC (bar) Pressure (bar)   Constr. rmsd
   -8.89496e+02    2.79986e+02    8.29044e-07

           Step           Time
          41500       83.00000

   Energies (kJ/mol)
        G96Bond       G96Angle    Proper Dih.  Improper Dih.          LJ-14
    1.31398e+02    8.35706e+01    9.98087e+01    4.96187e+01   -6.60340e+00
     Coulomb-14        LJ (SR)  Disper. corr.   Coulomb (SR)   Coul. recip.
   -6.19663e+00   -2.44833e+05   -6.26904e+03   -1.35675e+05    7.69374e+02
      Potential    Kinetic En.   Total Energy  Conserved En.    Temperature
   -3.85656e+05    2.74881e+04   -3.58168e+05   -3.58159e+05    3.04917e+02
 Pres. DC (bar) Pressure (bar)   Constr. rmsd
   -8.90481e+02    7.18176e+00    8.30526e-07

           Step           Time
          42000       84.00000

   Energies (kJ/mol)
        G96Bond       G96Angle    Proper Dih.  Improper Dih.          LJ-14
    7.52281e+01    9.94915e+01    1.19687e+02    5.99382e+01   -1.11244e+00
     Coulomb-14        LJ (SR)  Disper. corr.   Coulomb (SR)   Coul. recip.
   -2.12479e+00   -2.44794e+05   -6.27071e+03   -1.35035e+05    7.97653e+02
      Potential    Kinetic En.   Total Energy  Conserved En.    Temperature
   -3.84952e+05    2.67877e+04   -3.58164e+05   -3.58157e+05    2.97147e+02
 Pres. DC (bar) Pressure (bar)   Constr. rmsd
   -8.90957e+02   -4.78470e+02    6.90370e-07

           Step           Time
          42500       85.00000

   Energies (kJ/mol)
        G96Bond       G96Angle    Proper Dih.  Improper Dih.          LJ-14
    9.82173e+01    1.19521e+02    1.06104e+02    5.36074e+01    2.75816e+00
     Coulomb-14        LJ (SR)  Disper. corr.   Coulomb (SR)   Coul. recip.
   -4.05956e+00   -2.44928e+05   -6.26137e+03   -1.34359e+05    7.55447e+02
      Potential    Kinetic En.   Total Energy  Conserved En.    Temperature
   -3.84417e+05    2.62558e+04   -3.58161e+05   -3.58153e+05    2.91247e+02
 Pres. DC (bar) Pressure (bar)   Constr. rmsd
   -8.88306e+02   -3.16347e+02    9.05686e-07

           Step           Time
          43000       86.00000

   Energies (kJ/mol)
        G96Bond       G96Angle    Proper Dih.  Improper Dih.          LJ-14
    6.30666e+01    1.20410e+02    1.03957e+02    5.10060e+01   -5.49750e+00
     Coulomb-14        LJ (SR)  Disper. corr.   Coulomb (SR)   Coul. recip.
   -4.78966e+00   -2.45227e+05   -6.27199e+03   -1.34449e+05    7.46291e+02
      Potential    Kinetic En.   Total Energy  Conserved En.    Temperature
   -3.84873e+05    2.66994e+04   -3.58173e+05   -3.58164e+05    2.96168e+02
 Pres. DC (bar) Pressure (bar)   Constr. rmsd
   -8.91321e+02   -2.74649e+02    8.71706e-07

           Step           Time
          43500       87.00000

   Energies (kJ/mol)
        G96Bond       G96Angle    Proper Dih.  Improper Dih.          LJ-14
    8.85838e+01    9.51825e+01    9.97755e+01    6.97219e+01    9.71126e+00
     Coulomb-14        LJ (SR)  Disper. corr.   Coulomb (SR)   Coul. recip.
   -2.64441e+00   -2.45743e+05   -6.27360e+03   -1.33973e+05    7.84386e+02
      Potential    Kinetic En.   Total Energy  Conserved En.    Temperature
   -3.84845e+05    2.66692e+04   -3.58175e+05   -3.58162e+05    2.95833e+02
 Pres. DC (bar) Pressure (bar)   Constr. rmsd
   -8.91776e+02   -1.70766e+02    7.42900e-07

           Step           Time
          44000       88.00000

   Energies (kJ/mol)
        G96Bond       G96Angle    Proper Dih.  Improper Dih.          LJ-14
    9.17764e+01    1.01017e+02    9.04883e+01    5.60718e+01    3.00327e+00
     Coulomb-14        LJ (SR)  Disper. corr.   Coulomb (SR)   Coul. recip.
   -3.09778e+00   -2.45398e+05   -6.25047e+03   -1.34626e+05    7.71386e+02
      Potential    Kinetic En.   Total Energy  Conserved En.    Temperature
   -3.85164e+05    2.70040e+04   -3.58160e+05   -3.58153e+05    2.99547e+02
 Pres. DC (bar) Pressure (bar)   Constr. rmsd
   -8.85222e+02   -1.42857e+03    6.98926e-07

           Step           Time
          44500       89.00000

   Energies (kJ/mol)
        G96Bond       G96Angle    Proper Dih.  Improper Dih.          LJ-14
    9.83368e+01    1.17881e+02    9.31413e+01    5.62323e+01   -4.82777e-01
     Coulomb-14        LJ (SR)  Disper. corr.   Coulomb (SR)   Coul. recip.
   -1.89598e+00   -2.45475e+05   -6.27600e+03   -1.34317e+05    7.93618e+02
      Potential    Kinetic En.   Total Energy  Conserved En.    Temperature
   -3.84911e+05    2.67394e+04   -3.58172e+05   -3.58162e+05    2.96612e+02
 Pres. DC (bar) Pressure (bar)   Constr. rmsd
   -8.92457e+02   -5.95873e+02    7.41058e-07

           Step           Time
          45000       90.00000

   Energies (kJ/mol)
        G96Bond       G96Angle    Proper Dih.  Improper Dih.          LJ-14
    8.91047e+01    6.92422e+01    9.02487e+01    6.00714e+01    7.25430e+00
     Coulomb-14        LJ (SR)  Disper. corr.   Coulomb (SR)   Coul. recip.
   -2.71703e+00   -2.45742e+05   -6.25982e+03   -1.34186e+05    8.29970e+02
      Potential    Kinetic En.   Total Energy  Conserved En.    Temperature
   -3.85044e+05    2.68793e+04   -3.58165e+05   -3.58156e+05    2.98164e+02
 Pres. DC (bar) Pressure (bar)   Constr. rmsd
   -8.87868e+02   -4.78358e+02    6.79095e-07

           Step           Time
          45500       91.00000

   Energies (kJ/mol)
        G96Bond       G96Angle    Proper Dih.  Improper Dih.          LJ-14
    8.63110e+01    8.63484e+01    8.45403e+01    5.07612e+01   -3.75149e+00
     Coulomb-14        LJ (SR)  Disper. corr.   Coulomb (SR)   Coul. recip.
   -3.45236e+00   -2.45382e+05   -6.27741e+03   -1.34386e+05    8.25642e+02
      Potential    Kinetic En.   Total Energy  Conserved En.    Temperature
   -3.84919e+05    2.67381e+04   -3.58181e+05   -3.58171e+05    2.96598e+02
 Pres. DC (bar) Pressure (bar)   Constr. rmsd
   -8.92858e+02    5.77338e+01    6.79799e-07

           Step           Time
          46000       92.00000

   Energies (kJ/mol)
        G96Bond       G96Angle    Proper Dih.  Improper Dih.          LJ-14
    9.11585e+01    8.50582e+01    9.52444e+01    5.45865e+01   -4.23143e+00
     Coulomb-14        LJ (SR)  Disper. corr.   Coulomb (SR)   Coul. recip.
   -5.79133e+00   -2.45094e+05   -6.27989e+03   -1.34718e+05    7.43327e+02
      Potential    Kinetic En.   Total Energy  Conserved En.    Temperature
   -3.85032e+05    2.68473e+04   -3.58185e+05   -3.58176e+05    2.97808e+02
 Pres. DC (bar) Pressure (bar)   Constr. rmsd
   -8.93564e+02    1.77534e+02    7.09598e-07

           Step           Time
          46500       93.00000

   Energies (kJ/mol)
        G96Bond       G96Angle    Proper Dih.  Improper Dih.          LJ-14
    8.61057e+01    8.98599e+01    7.30584e+01    6.57413e+01    3.24611e+00
     Coulomb-14        LJ (SR)  Disper. corr.   Coulomb (SR)   Coul. recip.
   -2.85395e+00   -2.44735e+05   -6.26994e+03   -1.35396e+05    7.65885e+02
      Potential    Kinetic En.   Total Energy  Conserved En.    Temperature
   -3.85320e+05    2.71390e+04   -3.58181e+05   -3.58174e+05    3.01044e+02
 Pres. DC (bar) Pressure (bar)   Constr. rmsd
   -8.90738e+02   -1.54316e+02    8.78887e-07

           Step           Time
          47000       94.00000

   Energies (kJ/mol)
        G96Bond       G96Angle    Proper Dih.  Improper Dih.          LJ-14
    1.02554e+02    1.06053e+02    8.50150e+01    5.09365e+01   -8.33558e+00
     Coulomb-14        LJ (SR)  Disper. corr.   Coulomb (SR)   Coul. recip.
   -2.05347e+00   -2.44846e+05   -6.26880e+03   -1.34887e+05    7.92909e+02
      Potential    Kinetic En.   Total Energy  Conserved En.    Temperature
   -3.84875e+05    2.67009e+04   -3.58174e+05   -3.58165e+05    2.96184e+02
 Pres. DC (bar) Pressure (bar)   Constr. rmsd
   -8.90415e+02   -2.72161e+02    6.93332e-07

           Step           Time
          47500       95.00000

   Energies (kJ/mol)
        G96Bond       G96Angle    Proper Dih.  Improper Dih.          LJ-14
    5.59962e+01    7.82832e+01    8.93543e+01    5.91556e+01    9.66932e+00
     Coulomb-14        LJ (SR)  Disper. corr.   Coulomb (SR)   Coul. recip.
   -3.13900e+00   -2.44780e+05   -6.27158e+03   -1.35303e+05    7.74993e+02
      Potential    Kinetic En.   Total Energy  Conserved En.    Temperature
   -3.85291e+05    2.71043e+04   -3.58187e+05   -3.58179e+05    3.00660e+02
 Pres. DC (bar) Pressure (bar)   Constr. rmsd
   -8.91202e+02   -4.78707e+02    5.40628e-07

           Step           Time
          48000       96.00000

   Energies (kJ/mol)
        G96Bond       G96Angle    Proper Dih.  Improper Dih.          LJ-14
    1.09541e+02    6.10252e+01    8.88169e+01    5.73040e+01    5.23127e+00
     Coulomb-14        LJ (SR)  Disper. corr.   Coulomb (SR)   Coul. recip.
   -4.08760e+00   -2.44919e+05   -6.26375e+03   -1.34928e+05    7.63409e+02
      Potential    Kinetic En.   Total Energy  Conserved En.    Temperature
   -3.85029e+05    2.68532e+04   -3.58176e+05   -3.58169e+05    2.97874e+02
 Pres. DC (bar) Pressure (bar)   Constr. rmsd
   -8.88981e+02   -2.38334e+02    7.35785e-07

           Step           Time
          48500       97.00000

   Energies (kJ/mol)
        G96Bond       G96Angle    Proper Dih.  Improper Dih.          LJ-14
    8.55436e+01    1.02424e+02    1.15887e+02    5.99221e+01   -3.63472e+00
     Coulomb-14        LJ (SR)  Disper. corr.   Coulomb (SR)   Coul. recip.
   -3.27081e+00   -2.44847e+05   -6.26487e+03   -1.35120e+05    7.85108e+02
      Potential    Kinetic En.   Total Energy  Conserved En.    Temperature
   -3.85090e+05    2.69082e+04   -3.58181e+05   -3.58174e+05    2.98484e+02
 Pres. DC (bar) Pressure (bar)   Constr. rmsd
   -8.89300e+02   -9.03902e+01    7.66171e-07

           Step           Time
          49000       98.00000

   Energies (kJ/mol)
        G96Bond       G96Angle    Proper Dih.  Improper Dih.          LJ-14
    9.04632e+01    1.06154e+02    8.38783e+01    6.11432e+01    1.63422e+01
     Coulomb-14        LJ (SR)  Disper. corr.   Coulomb (SR)   Coul. recip.
   -2.91180e+00   -2.45383e+05   -6.26269e+03   -1.34387e+05    7.87006e+02
      Potential    Kinetic En.   Total Energy  Conserved En.    Temperature
   -3.84890e+05    2.67121e+04   -3.58178e+05   -3.58171e+05    2.96309e+02
 Pres. DC (bar) Pressure (bar)   Constr. rmsd
   -8.88681e+02   -7.19909e+02    6.74957e-07

           Step           Time
          49500       99.00000

   Energies (kJ/mol)
        G96Bond       G96Angle    Proper Dih.  Improper Dih.          LJ-14
    1.02137e+02    8.49424e+01    7.15482e+01    5.55922e+01   -3.08555e+00
     Coulomb-14        LJ (SR)  Disper. corr.   Coulomb (SR)   Coul. recip.
   -3.43186e+00   -2.44899e+05   -6.24347e+03   -1.34886e+05    7.33424e+02
      Potential    Kinetic En.   Total Energy  Conserved En.    Temperature
   -3.84988e+05    2.68103e+04   -3.58177e+05   -3.58170e+05    2.97398e+02
 Pres. DC (bar) Pressure (bar)   Constr. rmsd
   -8.83242e+02   -9.35617e+02    7.43543e-07

           Step           Time
          50000      100.00000

Writing checkpoint, step 50000 at Mon Sep 25 22:50:25 2023


   Energies (kJ/mol)
        G96Bond       G96Angle    Proper Dih.  Improper Dih.          LJ-14
    8.02772e+01    1.06599e+02    8.65163e+01    4.48270e+01    4.16122e+00
     Coulomb-14        LJ (SR)  Disper. corr.   Coulomb (SR)   Coul. recip.
   -3.18053e+00   -2.45211e+05   -6.27461e+03   -1.34966e+05    7.41853e+02
      Potential    Kinetic En.   Total Energy  Conserved En.    Temperature
   -3.85390e+05    2.71873e+04   -3.58203e+05   -3.58183e+05    3.01580e+02
 Pres. DC (bar) Pressure (bar)   Constr. rmsd
   -8.92062e+02   -4.92541e+02    6.44935e-07

	<======  ###############  ==>
	<====  A V E R A G E S  ====>
	<==  ###############  ======>

	Statistics over 50001 steps using 501 frames

   Energies (kJ/mol)
        G96Bond       G96Angle    Proper Dih.  Improper Dih.          LJ-14
    9.16532e+01    1.06813e+02    9.04993e+01    5.74308e+01    1.41326e+00
     Coulomb-14        LJ (SR)  Disper. corr.   Coulomb (SR)   Coul. recip.
   -3.25334e+00   -2.45199e+05   -6.26786e+03   -1.34710e+05    7.79888e+02
      Potential    Kinetic En.   Total Energy  Conserved En.    Temperature
   -3.85053e+05    2.68985e+04   -3.58154e+05   -3.58143e+05    2.98377e+02
 Pres. DC (bar) Pressure (bar)   Constr. rmsd
   -8.90153e+02   -3.97907e+02    0.00000e+00

          Box-X          Box-Y          Box-Z
    4.05968e+00    4.05968e+00    7.10445e+00

   Total Virial (kJ/mol)
    7.77847e+03    1.61354e+01   -6.98931e+01
    1.62134e+01    7.67452e+03    2.20432e+01
   -6.97823e+01    2.18316e+01    1.56633e+04

   Pressure (bar)
    3.01542e+02   -2.61809e+00    1.88523e+01
   -2.64018e+00    3.33367e+02   -4.35746e+00
    1.88207e+01   -4.29751e+00   -1.82863e+03

        T-Water    T-non-Water
    2.97776e+02    3.00400e+02


	M E G A - F L O P S   A C C O U N T I N G

 NB=Group-cutoff nonbonded kernels    NxN=N-by-N cluster Verlet kernels
 RF=Reaction-Field  VdW=Van der Waals  QSTab=quadratic-spline table
 W3=SPC/TIP3p  W4=TIP4p (single or pairs)
 V&F=Potential and force  V=Potential only  F=Force only

 Computing:                               M-Number         M-Flops  % Flops
-----------------------------------------------------------------------------
 Pair Search distance check           13408.546232      120676.916     1.6
 NxN QSTab Elec. + LJ [F]             79097.432720     3242994.742    43.9
 NxN QSTab Elec. + LJ [V&F]             800.753040       47244.429     0.6
 NxN LJ [F]                           17568.046272      579745.527     7.9
 NxN LJ [V&F]                           177.754544        7643.445     0.1
 NxN QSTab Elec. [F]                  75427.676208     2564540.991    34.8
 NxN QSTab Elec. [V&F]                  763.395184       31299.203     0.4
 1,4 nonbonded interactions               6.700134         603.012     0.0
 Calc Weights                          1503.780075       54136.083     0.7
 Spread Q Bspline                     32080.641600       64161.283     0.9
 Gather F Bspline                     32080.641600      192483.850     2.6
 3D-FFT                               52000.739994      416005.920     5.6
 Solve PME                               39.200784        2508.850     0.0
 Shift-X                                 50.135025         300.810     0.0
 Bonds                                    2.200044         129.803     0.0
 Angles                                   5.700114         957.619     0.0
 Propers                                  2.200044         503.810     0.0
 Impropers                                1.900038         395.208     0.0
 Virial                                  50.360070         906.481     0.0
 Stop-CM                                  5.022525          50.225     0.0
 Calc-Ekin                              100.270050        2707.291     0.0
 Lincs                                    1.300026          78.002     0.0
 Constraint-V                           420.658413        3365.267     0.0
 Constraint-Vir                          41.943387        1006.641     0.0
 Settle                                 139.352787       45010.950     0.6
-----------------------------------------------------------------------------
 Total                                                 7379456.359   100.0
-----------------------------------------------------------------------------


     R E A L   C Y C L E   A N D   T I M E   A C C O U N T I N G

On 1 MPI rank, each using 16 OpenMP threads

 Computing:          Num   Num      Call    Wall time         Giga-Cycles
                     Ranks Threads  Count      (s)         total sum    %
-----------------------------------------------------------------------------
 Neighbor search        1   16       5001       6.117        371.140  10.1
 Force                  1   16      50001      39.522       2397.853  65.2
 PME mesh               1   16      50001      10.147        615.663  16.7
 NB X/F buffer ops.     1   16      95001       2.297        139.393   3.8
 Write traj.            1   16        101       0.460         27.916   0.8
 Update                 1   16      50001       0.641         38.901   1.1
 Constraints            1   16      50001       0.856         51.946   1.4
 Rest                                           0.561         34.021   0.9
-----------------------------------------------------------------------------
 Total                                         60.602       3676.833 100.0
-----------------------------------------------------------------------------
 Breakdown of PME mesh computation
-----------------------------------------------------------------------------
 PME spread             1   16      50001       3.720        225.692   6.1
 PME gather             1   16      50001       3.850        233.598   6.4
 PME 3D-FFT             1   16     100002       2.068        125.447   3.4
 PME solve Elec         1   16      50001       0.353         21.433   0.6
-----------------------------------------------------------------------------

NOTE: 10 % of the run time was spent in pair search,
      you might want to increase nstlist (this has no effect on accuracy)

               Core t (s)   Wall t (s)        (%)
       Time:      969.629       60.602     1600.0
                 (ns/day)    (hour/ns)
Performance:      142.573        0.168
Finished mdrun on rank 0 Mon Sep 25 22:50:25 2023
